<?xml version="1.0" encoding="UTF-8"?>
<!-- Generated by org.testng.reporters.JUnitReportReporter -->
<testsuite hostname="DESKTOP-OTFAGLF" name="com.home.edubio.launchEdubioSkills" tests="2" failures="0" timestamp="20 Aug 2019 14:57:11 GMT" time="9.782" errors="0">
  <testcase name="browserValidate" time="0.045" classname="com.home.edubio.launchEdubioSkills"/>
  <testcase name="loginTest" time="9.737" classname="com.home.edubio.launchEdubioSkills"/>
</testsuite> <!-- com.home.edubio.launchEdubioSkills -->
