<?xml version="1.0" encoding="UTF-8"?>
<!-- Generated by org.testng.reporters.JUnitReportReporter -->
<testsuite hostname="DESKTOP-OTFAGLF" name="com.edubioTests.HomePage" tests="1" failures="0" timestamp="27 Aug 2019 15:41:31 GMT" time="0.024" errors="0">
  <testcase name="AbrowserValidate" time="0.024" classname="com.edubioTests.HomePage"/>
</testsuite> <!-- com.edubioTests.HomePage -->
