<?xml version="1.0" encoding="UTF-8"?>
<!-- Generated by org.testng.reporters.JUnitReportReporter -->
<testsuite hostname="DESKTOP-OTFAGLF" name="com.edubioTests.launchEdubioSkills" tests="1" failures="0" timestamp="27 Aug 2019 15:17:23 GMT" time="10.122" errors="0">
  <testcase name="loginTest" time="10.122" classname="com.edubioTests.launchEdubioSkills"/>
</testsuite> <!-- com.edubioTests.launchEdubioSkills -->
