<?xml version="1.0" encoding="UTF-8"?>
<!-- Generated by org.testng.reporters.JUnitReportReporter -->
<testsuite skipped="0" hostname="DESKTOP-OTFAGLF" name="EdubioSkills.LoginPage" tests="2" failures="0" timestamp="02 Sep 2019 15:24:06 GMT" time="51.407" errors="0">
  <testcase name="Alogin" time="28.310" classname="EdubioSkills.LoginPage"/>
  <testcase name="Blogin" time="23.097" classname="EdubioSkills.LoginPage"/>
</testsuite> <!-- EdubioSkills.LoginPage -->
