<?xml version="1.0" encoding="UTF-8"?>
<!-- Generated by org.testng.reporters.JUnitReportReporter -->
<testsuite skipped="0" hostname="DESKTOP-OTFAGLF" name="EdubioSkills.LoginPage" tests="2" failures="0" timestamp="02 Sep 2019 17:15:55 GMT" time="62.053" errors="0">
  <testcase name="Blogin" time="26.363" classname="EdubioSkills.LoginPage"/>
  <testcase name="Alogin" time="35.690" classname="EdubioSkills.LoginPage"/>
</testsuite> <!-- EdubioSkills.LoginPage -->
