<?xml version="1.0" encoding="UTF-8"?>
<!-- Generated by org.testng.reporters.JUnitReportReporter -->
<testsuite skipped="0" hostname="DESKTOP-OTFAGLF" name="EdubioSkills.HomePageTabs" tests="1" failures="0" timestamp="02 Sep 2019 17:15:55 GMT" time="12.779" errors="0">
  <testcase name="AProductCategories" time="12.779" classname="EdubioSkills.HomePageTabs"/>
</testsuite> <!-- EdubioSkills.HomePageTabs -->
